<?xml version="1.0" encoding="UTF-8"?>
<testsuite name="UserTest" tests="1" skipped="0" failures="0" errors="0" timestamp="2018-09-25T12:11:15" hostname="Edwins-MacBook-Pro.local" time="0.002">
  <properties/>
  <testcase name="one" classname="UserTest" time="0.002"/>
  <system-out><![CDATA[]]></system-out>
  <system-err><![CDATA[]]></system-err>
</testsuite>
